2025-05-16 11:25:59,210 [INFO] <app.services.leaderboard>: Logging is configured.
2025-05-16 11:25:59,215 [INFO] <app.cogs.leaderboard>: Logging is configured.
2025-05-16 11:25:59,223 [INFO] <app.services.head2head>: Logging is configured.
2025-05-16 11:25:59,227 [INFO] <app.cogs.head2head>: Logging is configured.
2025-05-16 11:52:41,141 [INFO] <app.services.leaderboard>: Logging is configured.
2025-05-16 11:52:41,145 [INFO] <app.cogs.leaderboard>: Logging is configured.
2025-05-16 11:52:41,151 [INFO] <app.services.head2head>: Logging is configured.
2025-05-16 11:52:41,154 [INFO] <app.cogs.head2head>: Logging is configured.
2025-05-16 04:30:43,748 [INFO] <matplotlib.font_manager>: generated new fontManager
2025-05-16 04:30:45,042 [INFO] <app.services.leaderboard>: Logging is configured.
2025-05-16 04:30:45,046 [INFO] <app.cogs.leaderboard>: Logging is configured.
2025-05-16 04:30:45,061 [INFO] <app.services.head2head>: Logging is configured.
2025-05-16 04:30:45,065 [INFO] <app.cogs.head2head>: Logging is configured.
2025-05-16 04:35:05,298 [INFO] <matplotlib.font_manager>: generated new fontManager
2025-05-16 04:35:06,450 [INFO] <app.services.leaderboard>: Logging is configured.
2025-05-16 04:35:06,458 [INFO] <app.cogs.leaderboard>: Logging is configured.
2025-05-16 04:35:06,475 [INFO] <app.services.head2head>: Logging is configured.
2025-05-16 04:35:06,481 [INFO] <app.cogs.head2head>: Logging is configured.
2025-05-16 04:49:02,071 [INFO] <matplotlib.font_manager>: generated new fontManager
2025-05-16 04:49:03,402 [INFO] <app.services.leaderboard>: Logging is configured.
2025-05-16 04:49:03,406 [INFO] <app.cogs.leaderboard>: Logging is configured.
2025-05-16 04:49:03,418 [INFO] <app.services.head2head>: Logging is configured.
2025-05-16 04:49:03,422 [INFO] <app.cogs.head2head>: Logging is configured.
2025-05-16 04:50:13,850 [INFO] <app.services.leaderboard>: Getting session key...
2025-05-16 04:50:14,380 [INFO] <app.services.leaderboard>: Finished getting session key.
2025-05-16 04:50:14,381 [INFO] <app.services.leaderboard>: Adding driver numbers to the leaderboard...
2025-05-16 04:50:14,386 [INFO] <app.services.leaderboard>: Adding position data to the leaderboard...
2025-05-16 04:50:14,388 [INFO] <app.services.leaderboard>: Adding intervals to the leaderboard...
2025-05-16 04:50:14,389 [INFO] <app.services.leaderboard>: Adding pit stops data to the leaderboard...
2025-05-16 04:50:14,390 [INFO] <app.services.leaderboard>: Adding tyres data to the leaderboard...
2025-05-16 04:50:15,513 [INFO] <app.services.leaderboard>: Finished adding pit stops data.
2025-05-16 04:50:15,565 [INFO] <app.services.leaderboard>: Finished adding position data.
2025-05-16 04:50:15,627 [INFO] <app.services.leaderboard>: Finished adding tyres data.
2025-05-16 04:50:15,723 [INFO] <app.services.leaderboard>: Finished adding driver numbers.
2025-05-16 04:50:17,838 [INFO] <app.services.leaderboard>: Finished adding intervals to the leaderboard.
2025-05-16 04:50:17,840 [INFO] <app.services.leaderboard>: Converting leaderboard to image bytes...
2025-05-16 04:50:19,084 [INFO] <app.services.leaderboard>: Finished converting leaderboard to image bytes.
2025-05-16 04:54:23,821 [INFO] <matplotlib.font_manager>: generated new fontManager
2025-05-16 04:54:25,101 [INFO] <app.services.leaderboard>: Logging is configured.
2025-05-16 04:54:25,105 [INFO] <app.cogs.leaderboard>: Logging is configured.
2025-05-16 04:54:25,124 [INFO] <app.services.head2head>: Logging is configured.
2025-05-16 04:54:25,128 [INFO] <app.cogs.head2head>: Logging is configured.
2025-05-16 05:08:20,381 [INFO] <app.services.head2head>: Getting session key...
2025-05-16 05:08:20,394 [INFO] <app.services.head2head>: Finished getting session key.
2025-05-16 05:08:20,396 [INFO] <app.services.head2head>: Adding driver numbers to the leaderboard...
2025-05-16 05:08:20,403 [INFO] <app.services.head2head>: Finished adding driver numbers.
2025-05-16 05:08:20,405 [INFO] <app.services.head2head>: Adding lap and sector times to the leaderboard...
2025-05-16 05:08:20,409 [INFO] <app.services.head2head>: Adding intervals to the leaderboard...
2025-05-16 05:08:22,763 [INFO] <app.services.head2head>: Finished adding lap and sector times.
2025-05-16 05:08:26,630 [INFO] <app.services.head2head>: Finished adding intervals to the leaderboard.
2025-05-16 05:08:26,632 [ERROR] <app.cogs.head2head>: 'Logger' object has no attribute 'nfo'
Traceback (most recent call last):
  File "/app/app/cogs/head2head.py", line 87, in button_callback
    logger.nfo(f"Time taken to build leaderboard: {building_time} seconds")
    ^^^^^^^^^^
AttributeError: 'Logger' object has no attribute 'nfo'. Did you mean: 'info'?
2025-05-16 05:08:34,319 [INFO] <app.services.head2head>: Getting session key...
2025-05-16 05:08:34,323 [INFO] <app.services.head2head>: Finished getting session key.
2025-05-16 05:08:34,326 [INFO] <app.services.head2head>: Adding driver numbers to the leaderboard...
2025-05-16 05:08:34,328 [INFO] <app.services.head2head>: Finished adding driver numbers.
2025-05-16 05:08:34,329 [INFO] <app.services.head2head>: Adding lap and sector times to the leaderboard...
2025-05-16 05:08:34,332 [INFO] <app.services.head2head>: Adding intervals to the leaderboard...
2025-05-16 05:08:34,337 [INFO] <app.services.head2head>: Finished adding intervals to the leaderboard.
2025-05-16 05:08:36,025 [INFO] <app.services.head2head>: Finished adding lap and sector times.
2025-05-16 05:08:36,026 [ERROR] <app.cogs.head2head>: 'Logger' object has no attribute 'nfo'
Traceback (most recent call last):
  File "/app/app/cogs/head2head.py", line 87, in button_callback
    logger.nfo(f"Time taken to build leaderboard: {building_time} seconds")
    ^^^^^^^^^^
AttributeError: 'Logger' object has no attribute 'nfo'. Did you mean: 'info'?
2025-05-16 05:10:17,356 [INFO] <matplotlib.font_manager>: generated new fontManager
2025-05-16 05:10:18,572 [INFO] <app.services.leaderboard>: Logging is configured.
2025-05-16 05:10:18,578 [INFO] <app.cogs.leaderboard>: Logging is configured.
2025-05-16 05:10:18,595 [INFO] <app.services.head2head>: Logging is configured.
2025-05-16 05:10:18,600 [INFO] <app.cogs.head2head>: Logging is configured.
2025-05-16 05:18:13,423 [INFO] <app.services.head2head>: Getting session key...
2025-05-16 05:18:13,428 [INFO] <app.services.head2head>: Finished getting session key.
2025-05-16 05:18:13,430 [INFO] <app.services.head2head>: Adding driver numbers to the leaderboard...
2025-05-16 05:18:13,432 [INFO] <app.services.head2head>: Finished adding driver numbers.
2025-05-16 05:18:13,434 [INFO] <app.services.head2head>: Adding lap and sector times to the leaderboard...
2025-05-16 05:18:13,437 [INFO] <app.services.head2head>: Adding intervals to the leaderboard...
2025-05-16 05:18:15,164 [INFO] <app.services.head2head>: Finished adding lap and sector times.
2025-05-16 05:18:18,386 [INFO] <app.services.head2head>: Finished adding intervals to the leaderboard.
2025-05-16 05:18:18,388 [INFO] <app.cogs.head2head>: Time taken to build leaderboard: 4.96528434753418 seconds
2025-05-16 05:18:18,390 [INFO] <app.services.head2head>: Converting head2head to image bytes...
2025-05-16 05:18:18,845 [INFO] <app.services.head2head>: Finished converting head2head to image bytes.
2025-05-16 05:18:18,882 [INFO] <app.cogs.head2head>: Time taken to convert to image bytes: 0.49215078353881836 seconds
2025-05-16 05:18:18,887 [INFO] <app.cogs.head2head>: Total time: 5.457435131072998 seconds
2025-05-16 05:22:32,998 [INFO] <app.services.leaderboard>: Getting session key...
2025-05-16 05:22:33,379 [INFO] <app.services.leaderboard>: Finished getting session key.
2025-05-16 05:22:33,381 [INFO] <app.services.leaderboard>: Adding driver numbers to the leaderboard...
2025-05-16 05:22:33,384 [INFO] <app.services.leaderboard>: Adding position data to the leaderboard...
2025-05-16 05:22:33,386 [INFO] <app.services.leaderboard>: Adding intervals to the leaderboard...
2025-05-16 05:22:33,388 [INFO] <app.services.leaderboard>: Adding pit stops data to the leaderboard...
2025-05-16 05:22:33,389 [INFO] <app.services.leaderboard>: Adding tyres data to the leaderboard...
2025-05-16 05:22:34,044 [INFO] <app.services.leaderboard>: Finished adding tyres data.
2025-05-16 05:22:34,084 [INFO] <app.services.leaderboard>: Finished adding driver numbers.
2025-05-16 05:22:34,924 [INFO] <app.services.leaderboard>: Finished adding position data.
2025-05-16 05:22:36,122 [INFO] <app.services.leaderboard>: Finished adding pit stops data.
2025-05-16 05:22:39,130 [INFO] <app.services.leaderboard>: Finished adding intervals to the leaderboard.
2025-05-16 05:22:39,132 [INFO] <app.cogs.leaderboard>: Time taken to build leaderboard: 6.4557836055755615 seconds
2025-05-16 05:22:39,133 [INFO] <app.services.leaderboard>: Converting leaderboard to image bytes...
2025-05-16 05:22:39,925 [INFO] <app.services.leaderboard>: Finished converting leaderboard to image bytes.
2025-05-16 05:22:39,927 [INFO] <app.cogs.leaderboard>: Time taken to convert to image bytes: 0.7939033508300781 seconds
2025-05-16 05:22:39,929 [INFO] <app.cogs.leaderboard>: Total time: 7.24968695640564 seconds
2025-05-16 05:39:51,856 [INFO] <app.services.head2head>: Getting session key...
2025-05-16 05:39:51,860 [INFO] <app.services.head2head>: Finished getting session key.
2025-05-16 05:39:51,862 [INFO] <app.services.head2head>: Adding driver numbers to the leaderboard...
2025-05-16 05:39:51,864 [INFO] <app.services.head2head>: Finished adding driver numbers.
2025-05-16 05:39:51,865 [INFO] <app.services.head2head>: Adding lap and sector times to the leaderboard...
2025-05-16 05:39:51,867 [INFO] <app.services.head2head>: Adding intervals to the leaderboard...
2025-05-16 05:39:53,529 [INFO] <app.services.head2head>: Finished adding lap and sector times.
2025-05-16 05:40:00,507 [INFO] <app.services.head2head>: Finished adding intervals to the leaderboard.
2025-05-16 05:40:00,509 [INFO] <app.cogs.head2head>: Time taken to build leaderboard: 8.652785539627075 seconds
2025-05-16 05:40:00,510 [INFO] <app.services.head2head>: Converting head2head to image bytes...
2025-05-16 05:40:00,829 [INFO] <app.services.head2head>: Finished converting head2head to image bytes.
2025-05-16 05:40:00,831 [INFO] <app.cogs.head2head>: Time taken to convert to image bytes: 0.3209996223449707 seconds
2025-05-16 05:40:00,833 [INFO] <app.cogs.head2head>: Total time: 8.973785161972046 seconds
2025-05-16 05:40:34,235 [INFO] <app.services.leaderboard>: Getting session key...
2025-05-16 05:40:34,238 [INFO] <app.services.leaderboard>: Finished getting session key.
2025-05-16 05:40:34,240 [INFO] <app.services.leaderboard>: Adding driver numbers to the leaderboard...
2025-05-16 05:40:34,242 [INFO] <app.services.leaderboard>: Finished adding driver numbers.
2025-05-16 05:40:34,243 [INFO] <app.services.leaderboard>: Adding position data to the leaderboard...
2025-05-16 05:40:34,245 [INFO] <app.services.leaderboard>: Adding intervals to the leaderboard...
2025-05-16 05:40:35,573 [INFO] <app.services.leaderboard>: Finished adding position data.
2025-05-16 05:40:37,265 [INFO] <app.services.leaderboard>: Finished adding intervals to the leaderboard.
2025-05-16 05:40:37,266 [INFO] <app.cogs.leaderboard>: Time taken to build leaderboard: 3.2767202854156494 seconds
2025-05-16 05:40:37,267 [INFO] <app.services.leaderboard>: Converting leaderboard to image bytes...
2025-05-16 05:40:37,832 [INFO] <app.services.leaderboard>: Finished converting leaderboard to image bytes.
2025-05-16 05:40:37,834 [INFO] <app.cogs.leaderboard>: Time taken to convert to image bytes: 0.5663166046142578 seconds
2025-05-16 05:40:37,835 [INFO] <app.cogs.leaderboard>: Total time: 3.8430368900299072 seconds
2025-05-16 07:18:29,787 [INFO] <app.services.leaderboard>: Getting session key...
2025-05-16 07:18:30,383 [INFO] <app.services.leaderboard>: Finished getting session key.
2025-05-16 07:18:30,387 [INFO] <app.services.leaderboard>: Adding driver numbers to the leaderboard...
2025-05-16 07:18:30,389 [INFO] <app.services.leaderboard>: Adding position data to the leaderboard...
2025-05-16 07:18:30,395 [INFO] <app.services.leaderboard>: Finished adding driver numbers.
2025-05-16 07:18:30,926 [INFO] <app.services.leaderboard>: Finished adding position data.
2025-05-16 07:18:30,930 [INFO] <app.cogs.leaderboard>: Time taken to build leaderboard: 1.3929142951965332 seconds
2025-05-16 07:18:30,931 [INFO] <app.services.leaderboard>: Converting leaderboard to image bytes...
2025-05-16 07:18:31,363 [INFO] <app.services.leaderboard>: Finished converting leaderboard to image bytes.
2025-05-16 07:18:31,364 [INFO] <app.cogs.leaderboard>: Time taken to convert to image bytes: 0.432772159576416 seconds
2025-05-16 07:18:31,366 [INFO] <app.cogs.leaderboard>: Total time: 1.8256864547729492 seconds
2025-05-16 07:18:36,394 [INFO] <app.services.leaderboard>: Getting session key...
2025-05-16 07:18:36,397 [INFO] <app.services.leaderboard>: Finished getting session key.
2025-05-16 07:18:36,400 [INFO] <app.services.leaderboard>: Adding driver numbers to the leaderboard...
2025-05-16 07:18:36,401 [INFO] <app.services.leaderboard>: Finished adding driver numbers.
2025-05-16 07:18:36,404 [INFO] <app.services.leaderboard>: Adding position data to the leaderboard...
2025-05-16 07:18:36,406 [INFO] <app.services.leaderboard>: Finished adding position data.
2025-05-16 07:18:36,408 [INFO] <app.cogs.leaderboard>: Time taken to build leaderboard: 0.3008992671966553 seconds
2025-05-16 07:18:36,410 [INFO] <app.services.leaderboard>: Converting leaderboard to image bytes...
2025-05-16 07:18:36,945 [INFO] <app.services.leaderboard>: Finished converting leaderboard to image bytes.
2025-05-16 07:18:36,947 [INFO] <app.cogs.leaderboard>: Time taken to convert to image bytes: 0.5370161533355713 seconds
2025-05-16 07:18:36,949 [INFO] <app.cogs.leaderboard>: Total time: 0.8379154205322266 seconds
